<?xml version="1.0" encoding="UTF-8"?>
<!-- Generated by org.testng.reporters.JUnitReportReporter -->
<testsuite skipped="0" hostname="DESKTOP-QACQBC1" name="com.fluentWait.test.Employee" tests="1" failures="0" timestamp="03 may 2019 01:28:40 GMT" time="3.573" errors="0">
  <testcase name="validateEmployee" time="3.573" classname="com.fluentWait.test.Employee"/>
</testsuite> <!-- com.fluentWait.test.Employee -->
